[debug] [2023-10-12T19:45:05.999Z] ----------------------------------------------------------------------
[debug] [2023-10-12T19:45:06.002Z] Command:       C:\Program Files\nodejs\node.exe C:\Users\Matt\AppData\Roaming\npm\node_modules\firebase-tools\lib\bin\firebase.js init hosting
[debug] [2023-10-12T19:45:06.002Z] CLI Version:   12.7.0
[debug] [2023-10-12T19:45:06.003Z] Platform:      win32
[debug] [2023-10-12T19:45:06.003Z] Node Version:  v18.0.0
[debug] [2023-10-12T19:45:06.004Z] Time:          Thu Oct 12 2023 13:45:06 GMT-0600 (Mountain Daylight Time)
[debug] [2023-10-12T19:45:06.004Z] ----------------------------------------------------------------------
[debug] 
[debug] [2023-10-12T19:45:06.015Z] > command requires scopes: ["email","openid","https://www.googleapis.com/auth/cloudplatformprojects.readonly","https://www.googleapis.com/auth/firebase","https://www.googleapis.com/auth/cloud-platform"]
[debug] [2023-10-12T19:45:06.016Z] > authorizing via signed-in user (mattrandrus@gmail.com)
[info] 
     ######## #### ########  ######## ########     ###     ######  ########
     ##        ##  ##     ## ##       ##     ##  ##   ##  ##       ##
     ######    ##  ########  ######   ########  #########  ######  ######
     ##        ##  ##    ##  ##       ##     ## ##     ##       ## ##
     ##       #### ##     ## ######## ########  ##     ##  ######  ########

You're about to initialize a Firebase project in this directory:

  C:\Users\Matt\Projects\PortfolioLandingPage\portfolio

[info] 
=== Project Setup
[info] 
[info] First, let's associate this project directory with a Firebase project.
[info] You can create multiple project aliases by running firebase use --add, 
[info] but for now we'll just set up a default project.
[info] 
[debug] [2023-10-12T19:45:13.224Z] >>> [apiv2][query] GET https://firebase.googleapis.com/v1beta1/projects pageSize=100
[debug] [2023-10-12T19:45:13.720Z] <<< [apiv2][status] GET https://firebase.googleapis.com/v1beta1/projects 200
[debug] [2023-10-12T19:45:13.721Z] <<< [apiv2][body] GET https://firebase.googleapis.com/v1beta1/projects [omitted]
[info] i  Using project matt-andrus-web-dev (Matt Andrus Web Dev) 
[info] 
=== Hosting Setup
[info] 
[info] Your public directory is the folder (relative to your project directory) that
[info] will contain Hosting assets to be uploaded with firebase deploy. If you
[info] have a build process for your assets, use your build's output directory.
[info] 
[debug] [2023-10-12T19:45:45.339Z] >>> [apiv2][query] GET https://www.gstatic.com/firebasejs/releases.json [none]
[debug] [2023-10-12T19:45:45.450Z] <<< [apiv2][status] GET https://www.gstatic.com/firebasejs/releases.json 200
[debug] [2023-10-12T19:45:45.450Z] <<< [apiv2][body] GET https://www.gstatic.com/firebasejs/releases.json {"current":{"version":"10.4.0","browserURL":"https://www.gstatic.com/firebasejs/10.4.0/firebase.js","packageURL":"https://www.gstatic.com/firebasejs/10.4.0/firebase.tgz"},"live":{"version":"10.4","browserURL":"https://www.gstatic.com/firebasejs/live/10.4/firebase.js","packageURL":"https://www.gstatic.com/firebasejs/live/10.4/firebase.tgz"},"components":{"analytics":"https://www.gstatic.com/firebasejs/10.4.0/firebase-analytics.js","app":"https://www.gstatic.com/firebasejs/10.4.0/firebase-app.js","app-check":"https://www.gstatic.com/firebasejs/10.4.0/firebase-app-check.js","auth":"https://www.gstatic.com/firebasejs/10.4.0/firebase-auth.js","auth/cordova":"https://www.gstatic.com/firebasejs/10.4.0/firebase-auth/cordova.js","functions":"https://www.gstatic.com/firebasejs/10.4.0/firebase-functions.js","firestore":"https://www.gstatic.com/firebasejs/10.4.0/firebase-firestore.js","firestore/lite":"https://www.gstatic.com/firebasejs/10.4.0/firebase-firestore/lite.js","installations":"https://www.gstatic.com/firebasejs/10.4.0/firebase-installations.js","storage":"https://www.gstatic.com/firebasejs/10.4.0/firebase-storage.js","performance":"https://www.gstatic.com/firebasejs/10.4.0/firebase-performance.js","remote-config":"https://www.gstatic.com/firebasejs/10.4.0/firebase-remote-config.js","messaging":"https://www.gstatic.com/firebasejs/10.4.0/firebase-messaging.js","messaging/sw":"https://www.gstatic.com/firebasejs/10.4.0/firebase-messaging/sw.js","database":"https://www.gstatic.com/firebasejs/10.4.0/firebase-database.js","firestore.memory":"https://www.gstatic.com/firebasejs/10.4.0/firebase-firestore.memory.js"}}
[info] +  Wrote public/index.html 
[info] 
[info] i  Detected a .git folder at C:\Users\Matt\Projects\PortfolioLandingPage\portfolio 
[info] i  Authorizing with GitHub to upload your service account to a GitHub repository's secrets store. 
[info] 
[info] Visit this URL on this device to log in:
[info] https://github.com/login/oauth/authorize?client_id=89cf50f02ac6aaed3484&state=580577669&redirect_uri=http%3A%2F%2Flocalhost%3A9005&scope=read%3Auser%20repo%20public_repo
[info] 
[info] Waiting for authentication...
[debug] [2023-10-12T19:45:50.303Z] >>> [apiv2][query] POST https://github.com/login/oauth/access_token [none]
[debug] [2023-10-12T19:45:50.303Z] >>> [apiv2][body] POST https://github.com/login/oauth/access_token [stream]
[debug] [2023-10-12T19:45:50.619Z] <<< [apiv2][status] POST https://github.com/login/oauth/access_token 200
[debug] [2023-10-12T19:45:50.619Z] <<< [apiv2][body] POST https://github.com/login/oauth/access_token {"access_token":"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","token_type":"bearer","scope":"read:user,repo"}
[debug] [2023-10-12T19:45:50.627Z] >>> [apiv2][query] GET https://api.github.com/user [none]
[debug] [2023-10-12T19:45:50.959Z] <<< [apiv2][status] GET https://api.github.com/user 200
[debug] [2023-10-12T19:45:50.960Z] <<< [apiv2][body] GET https://api.github.com/user {"login":"Mrandrus","id":38047225,"node_id":"MDQ6VXNlcjM4MDQ3MjI1","avatar_url":"https://avatars.githubusercontent.com/u/38047225?v=4","gravatar_id":"","url":"https://api.github.com/users/Mrandrus","html_url":"https://github.com/Mrandrus","followers_url":"https://api.github.com/users/Mrandrus/followers","following_url":"https://api.github.com/users/Mrandrus/following{/other_user}","gists_url":"https://api.github.com/users/Mrandrus/gists{/gist_id}","starred_url":"https://api.github.com/users/Mrandrus/starred{/owner}{/repo}","subscriptions_url":"https://api.github.com/users/Mrandrus/subscriptions","organizations_url":"https://api.github.com/users/Mrandrus/orgs","repos_url":"https://api.github.com/users/Mrandrus/repos","events_url":"https://api.github.com/users/Mrandrus/events{/privacy}","received_events_url":"https://api.github.com/users/Mrandrus/received_events","type":"User","site_admin":false,"name":null,"company":null,"blog":"","location":null,"email":null,"hireable":null,"bio":null,"twitter_username":null,"public_repos":7,"public_gists":0,"followers":0,"following":0,"created_at":"2018-04-03T16:33:48Z","updated_at":"2023-08-11T17:03:31Z","private_gists":0,"total_private_repos":4,"owned_private_repos":4,"disk_usage":213094,"collaborators":1,"two_factor_authentication":false,"plan":{"name":"free","space":976562499,"collaborators":0,"private_repos":10000}}
[info] 
[info] +  Success! Logged into GitHub as Mrandrus 
[info] 
